<?xml version="1.0" encoding="UTF-8"?>
<testng-results skipped="0" failed="3" ignored="0" total="7" passed="4">
  <reporter-output>
    <line>
      <![CDATA[Verifying the home page is displayed]]>
    </line>
    <line>
      <![CDATA[Home page is not displayed with expected :Tricentis Demo Web Shop is not matched with Actual value : ]]>
    </line>
    <line>
      <![CDATA[Clicking on Books Link]]>
    </line>
    <line>
      <![CDATA[Verifying the Books page is displayed]]>
    </line>
    <line>
      <![CDATA[Books page is displayed with expected :Books is matched with Actual value : Books]]>
    </line>
    <line>
      <![CDATA[Selecting product position by it index value  ]]>
    </line>
    <line>
      <![CDATA[Selecting display size of product]]>
    </line>
    <line>
      <![CDATA[Selecting view of products ]]>
    </line>
    <line>
      <![CDATA[Selecting Computing and Internet Book ]]>
    </line>
    <line>
      <![CDATA[Adding Quantity of Computing and Internet Book ]]>
    </line>
    <line>
      <![CDATA[Navigating back to Book page ]]>
    </line>
    <line>
      <![CDATA[Clicking on Books Link]]>
    </line>
    <line>
      <![CDATA[Adding Quantity of Fiction Book ]]>
    </line>
    <line>
      <![CDATA[Navigating back to Book page ]]>
    </line>
    <line>
      <![CDATA[adding Health Book to cart]]>
    </line>
    <line>
      <![CDATA[Adding Quantity of Health Book ]]>
    </line>
    <line>
      <![CDATA[Navigating back to Book page ]]>
    </line>
    <line>
      <![CDATA[Adding Science Book to cart]]>
    </line>
    <line>
      <![CDATA[Adding Quantity of Science Book ]]>
    </line>
    <line>
      <![CDATA[Cliking on Electronics Link]]>
    </line>
    <line>
      <![CDATA[Verifying the Electronics page is displayed]]>
    </line>
    <line>
      <![CDATA[Electronics page is displayed with expected :Electronics is matched with Actual value : Electronics]]>
    </line>
    <line>
      <![CDATA[Cliking on Camera and Photos Link in Electronics]]>
    </line>
    <line>
      <![CDATA[Verifying the Camera and Photos page is displayed]]>
    </line>
    <line>
      <![CDATA[Camera Phone page is displayed with expected :Camera, photo is matched with Actual value : Camera, photo]]>
    </line>
    <line>
      <![CDATA[Selecting product position by it index value  ]]>
    </line>
    <line>
      <![CDATA[Selecting display size of product]]>
    </line>
    <line>
      <![CDATA[Selecting view of products ]]>
    </line>
    <line>
      <![CDATA[Clicking on ONE_MP_60GB_Hard_DriveHandycam_Camcorder in Electronics]]>
    </line>
    <line>
      <![CDATA[Clicking on Camcorder_Camera in Electronics]]>
    </line>
    <line>
      <![CDATA[Clicking on Digital_SLR_Camera in Electronics]]>
    </line>
    <line>
      <![CDATA[Clicking on High_Definition_3D_Camcorder_Camera in Electronics]]>
    </line>
    <line>
      <![CDATA[Navigating back to Cell phones page ]]>
    </line>
    <line>
      <![CDATA[Cliking on Electronics Link]]>
    </line>
    <line>
      <![CDATA[Clicking on Cell Phone Img in Electronics]]>
    </line>
    <line>
      <![CDATA[Verifying the Cell Phone page is displayed]]>
    </line>
    <line>
      <![CDATA[Cell Phone page is displayed with expected :Cell phones is matched with Actual value : Cell phones]]>
    </line>
    <line>
      <![CDATA[Selecting product position by it index value  ]]>
    </line>
    <line>
      <![CDATA[Selecting display size of product]]>
    </line>
    <line>
      <![CDATA[Selecting view of products ]]>
    </line>
    <line>
      <![CDATA[Selecting phone cover ]]>
    </line>
    <line>
      <![CDATA[Selecting product manufacturer by Index  ]]>
    </line>
    <line>
      <![CDATA[Selecting product color by Index]]>
    </line>
    <line>
      <![CDATA[Adding Quantity of Phone Cover]]>
    </line>
    <line>
      <![CDATA[Navigating back to Cell phones page ]]>
    </line>
    <line>
      <![CDATA[Selecting Smart phone page ]]>
    </line>
    <line>
      <![CDATA[<a href='F:\Selenium\WorkStation\DemoWebShop\DemoWebShopTC004_Electronics_page18_06_2020_11_40_29.jpeg'> <img src='F:\Selenium\WorkStation\DemoWebShop\DemoWebShopTC004_Electronics_page18_06_2020_11_40_29.jpeg' height='100' width='100'/></a>]]>
    </line>
    <line>
      <![CDATA[Cliking on Digital Downloads Page Link]]>
    </line>
    <line>
      <![CDATA[Verifying the Digital Downloads Page is displayed]]>
    </line>
    <line>
      <![CDATA[Digital Downloads Page is not displayed with expected :Digital downloads is not matched with Actual value : null]]>
    </line>
    <line>
      <![CDATA[Selecting product position by it index value  ]]>
    </line>
    <line>
      <![CDATA[Selecting display size of product]]>
    </line>
    <line>
      <![CDATA[Selecting view of products ]]>
    </line>
    <line>
      <![CDATA[Selecting 3rd Album  ]]>
    </line>
    <line>
      <![CDATA[Adding Quantity of 3rd Album Book ]]>
    </line>
    <line>
      <![CDATA[Navigating back to Digital Downloads page ]]>
    </line>
    <line>
      <![CDATA[Selecting Music2_1st_Release  ]]>
    </line>
    <line>
      <![CDATA[Adding Quantity of Music2_1st_Release ]]>
    </line>
    <line>
      <![CDATA[Navigating back to Digital Downloads page ]]>
    </line>
    <line>
      <![CDATA[Selecting Music2_1st_Release  ]]>
    </line>
    <line>
      <![CDATA[Adding Quantity of Music2_1st_Release ]]>
    </line>
    <line>
      <![CDATA[Clicking on Gift Cards Link Page]]>
    </line>
    <line>
      <![CDATA[Verifying the Physical Gift Card page is displayed]]>
    </line>
    <line>
      <![CDATA[ Gift Card page is displayed with expected :Gift Cards is matched with Actual value : Gift Cards]]>
    </line>
    <line>
      <![CDATA[Selecting $100 Physical Gift Card ]]>
    </line>
    <line>
      <![CDATA[Entering Recipients Name through send keys]]>
    </line>
    <line>
      <![CDATA[<a href='F:\Selenium\WorkStation\DemoWebShop\DemoWebShopTC006_DemoWorkShop_Gift_Cards_Page18_06_2020_11_41_20.jpeg'> <img src='F:\Selenium\WorkStation\DemoWebShop\DemoWebShopTC006_DemoWorkShop_Gift_Cards_Page18_06_2020_11_41_20.jpeg' height='100' width='100'/></a>]]>
    </line>
    <line>
      <![CDATA[Clicking on Apparel_And_Shoes_Link]]>
    </line>
    <line>
      <![CDATA[Verifying the Apparel_And_Shoes_Page is displayed]]>
    </line>
    <line>
      <![CDATA[Apparel And Shoes page is displayed with expected :Apparel & Shoes is matched with Actual value : Apparel & Shoes]]>
    </line>
    <line>
      <![CDATA[Selecting product position by it index value  ]]>
    </line>
    <line>
      <![CDATA[Selecting display size of product]]>
    </line>
    <line>
      <![CDATA[Selecting view of products ]]>
    </line>
    <line>
      <![CDATA[Selecting Rockabilly_Polka_Dot_Top_JR_Plus_Size ]]>
    </line>
    <line>
      <![CDATA[Adding Quantity of Rockabilly_Polka_Dot_Top_JR_Plus_Size ]]>
    </line>
    <line>
      <![CDATA[Navigating back to Apparel and Shoes page ]]>
    </line>
    <line>
      <![CDATA[Selecting Blue_and_green_Sneaker ]]>
    </line>
    <line>
      <![CDATA[Adding Quantity of Blue_and_green_Sneaker ]]>
    </line>
    <line>
      <![CDATA[Navigating back to Apparel and Shoes page ]]>
    </line>
    <line>
      <![CDATA[Selecting Blue_Jeans ]]>
    </line>
    <line>
      <![CDATA[Adding Quantity of Blue_Jeans ]]>
    </line>
    <line>
      <![CDATA[Navigating back to Apparel and Shoes page ]]>
    </line>
    <line>
      <![CDATA[Selecting Casual_Golf_Belt ]]>
    </line>
    <line>
      <![CDATA[Adding Quantity of Casual_Golf_Belt ]]>
    </line>
    <line>
      <![CDATA[<a href='F:\Selenium\WorkStation\DemoWebShop\DemoWebShopTC007_DemoWorkShop_Apparel_And_Shoes_Page18_06_2020_11_42_16.jpeg'> <img src='F:\Selenium\WorkStation\DemoWebShop\DemoWebShopTC007_DemoWorkShop_Apparel_And_Shoes_Page18_06_2020_11_42_16.jpeg' height='100' width='100'/></a>]]>
    </line>
  </reporter-output>
  <suite name="Default suite" duration-ms="178645" started-at="2020-06-18T11:39:18 IST" finished-at="2020-06-18T11:42:17 IST">
    <groups>
    </groups>
    <test name="Default test" duration-ms="178645" started-at="2020-06-18T11:39:18 IST" finished-at="2020-06-18T11:42:17 IST">
      <class name="com.demoworkshop.qa.Test.DemoWorkShop_End_To_End">
        <test-method status="PASS" signature="beforeSuite()[pri:0, instance:com.demoworkshop.qa.Test.DemoWorkShop_End_To_End@59717824]" name="beforeSuite" is-config="true" duration-ms="21434" started-at="2020-06-18T11:38:57 IST" finished-at="2020-06-18T11:39:18 IST">
          <reporter-output>
          </reporter-output>
        </test-method> <!-- beforeSuite -->
        <test-method status="PASS" signature="beforeTest()[pri:0, instance:com.demoworkshop.qa.Test.DemoWorkShop_End_To_End@59717824]" name="beforeTest" is-config="true" duration-ms="1" started-at="2020-06-18T11:39:18 IST" finished-at="2020-06-18T11:39:18 IST">
          <reporter-output>
          </reporter-output>
        </test-method> <!-- beforeTest -->
        <test-method status="PASS" signature="beforeClass()[pri:0, instance:com.demoworkshop.qa.Test.DemoWorkShop_End_To_End@59717824]" name="beforeClass" is-config="true" duration-ms="1" started-at="2020-06-18T11:39:18 IST" finished-at="2020-06-18T11:39:18 IST">
          <reporter-output>
          </reporter-output>
        </test-method> <!-- beforeClass -->
        <test-method status="PASS" signature="beforeMethod()[pri:0, instance:com.demoworkshop.qa.Test.DemoWorkShop_End_To_End@59717824]" name="beforeMethod" is-config="true" duration-ms="3" started-at="2020-06-18T11:39:18 IST" finished-at="2020-06-18T11:39:18 IST">
          <reporter-output>
          </reporter-output>
        </test-method> <!-- beforeMethod -->
        <test-method status="PASS" signature="TC001_LoginToDemoWebshop()[pri:1, instance:com.demoworkshop.qa.Test.DemoWorkShop_End_To_End@59717824]" name="TC001_LoginToDemoWebshop" duration-ms="6524" started-at="2020-06-18T11:39:18 IST" finished-at="2020-06-18T11:39:25 IST">
          <reporter-output>
          </reporter-output>
        </test-method> <!-- TC001_LoginToDemoWebshop -->
        <test-method status="PASS" signature="afterMethod()[pri:0, instance:com.demoworkshop.qa.Test.DemoWorkShop_End_To_End@59717824]" name="afterMethod" is-config="true" duration-ms="0" started-at="2020-06-18T11:39:25 IST" finished-at="2020-06-18T11:39:25 IST">
          <reporter-output>
          </reporter-output>
        </test-method> <!-- afterMethod -->
        <test-method status="PASS" signature="getResult(org.testng.ITestResult)[pri:0, instance:com.demoworkshop.qa.Test.DemoWorkShop_End_To_End@59717824]" name="getResult" is-config="true" duration-ms="2412" started-at="2020-06-18T11:39:25 IST" finished-at="2020-06-18T11:39:27 IST">
          <params>
            <param index="0">
              <value>
                <![CDATA[[TestResult name=TC001_LoginToDemoWebshop status=SUCCESS method=DemoWorkShop_End_To_End.TC001_LoginToDemoWebshop()[pri:1, instance:com.demoworkshop.qa.Test.DemoWorkShop_End_To_End@59717824] output={null}]]]>
              </value>
            </param>
          </params>
          <reporter-output>
          </reporter-output>
        </test-method> <!-- getResult -->
        <test-method status="PASS" signature="TC002_Verify_Demowebshop_Homepage_IsDisplayed()[pri:2, instance:com.demoworkshop.qa.Test.DemoWorkShop_End_To_End@59717824]" name="TC002_Verify_Demowebshop_Homepage_IsDisplayed" duration-ms="286" started-at="2020-06-18T11:39:27 IST" finished-at="2020-06-18T11:39:27 IST">
          <reporter-output>
            <line>
              <![CDATA[Verifying the home page is displayed]]>
            </line>
            <line>
              <![CDATA[Home page is not displayed with expected :Tricentis Demo Web Shop is not matched with Actual value : ]]>
            </line>
          </reporter-output>
        </test-method> <!-- TC002_Verify_Demowebshop_Homepage_IsDisplayed -->
        <test-method status="PASS" signature="beforeMethod()[pri:0, instance:com.demoworkshop.qa.Test.DemoWorkShop_End_To_End@59717824]" name="beforeMethod" is-config="true" duration-ms="0" started-at="2020-06-18T11:39:27 IST" finished-at="2020-06-18T11:39:27 IST">
          <reporter-output>
          </reporter-output>
        </test-method> <!-- beforeMethod -->
        <test-method status="PASS" signature="afterMethod()[pri:0, instance:com.demoworkshop.qa.Test.DemoWorkShop_End_To_End@59717824]" name="afterMethod" is-config="true" duration-ms="0" started-at="2020-06-18T11:39:27 IST" finished-at="2020-06-18T11:39:27 IST">
          <reporter-output>
          </reporter-output>
        </test-method> <!-- afterMethod -->
        <test-method status="PASS" signature="getResult(org.testng.ITestResult)[pri:0, instance:com.demoworkshop.qa.Test.DemoWorkShop_End_To_End@59717824]" name="getResult" is-config="true" duration-ms="132" started-at="2020-06-18T11:39:27 IST" finished-at="2020-06-18T11:39:27 IST">
          <params>
            <param index="0">
              <value>
                <![CDATA[[TestResult name=TC002_Verify_Demowebshop_Homepage_IsDisplayed status=SUCCESS method=DemoWorkShop_End_To_End.TC002_Verify_Demowebshop_Homepage_IsDisplayed()[pri:2, instance:com.demoworkshop.qa.Test.DemoWorkShop_End_To_End@59717824] output=Verifying the home page is displayed]]]>
              </value>
            </param>
          </params>
          <reporter-output>
          </reporter-output>
        </test-method> <!-- getResult -->
        <test-method status="PASS" signature="beforeMethod()[pri:0, instance:com.demoworkshop.qa.Test.DemoWorkShop_End_To_End@59717824]" name="beforeMethod" is-config="true" duration-ms="0" started-at="2020-06-18T11:39:28 IST" finished-at="2020-06-18T11:39:28 IST">
          <reporter-output>
          </reporter-output>
        </test-method> <!-- beforeMethod -->
        <test-method status="PASS" signature="TC003_Books_link()[pri:3, instance:com.demoworkshop.qa.Test.DemoWorkShop_End_To_End@59717824]" name="TC003_Books_link" duration-ms="22587" started-at="2020-06-18T11:39:28 IST" finished-at="2020-06-18T11:39:50 IST">
          <reporter-output>
            <line>
              <![CDATA[Clicking on Books Link]]>
            </line>
            <line>
              <![CDATA[Verifying the Books page is displayed]]>
            </line>
            <line>
              <![CDATA[Books page is displayed with expected :Books is matched with Actual value : Books]]>
            </line>
            <line>
              <![CDATA[Selecting product position by it index value  ]]>
            </line>
            <line>
              <![CDATA[Selecting display size of product]]>
            </line>
            <line>
              <![CDATA[Selecting view of products ]]>
            </line>
            <line>
              <![CDATA[Selecting Computing and Internet Book ]]>
            </line>
            <line>
              <![CDATA[Adding Quantity of Computing and Internet Book ]]>
            </line>
            <line>
              <![CDATA[Navigating back to Book page ]]>
            </line>
            <line>
              <![CDATA[Clicking on Books Link]]>
            </line>
            <line>
              <![CDATA[Adding Quantity of Fiction Book ]]>
            </line>
            <line>
              <![CDATA[Navigating back to Book page ]]>
            </line>
            <line>
              <![CDATA[adding Health Book to cart]]>
            </line>
            <line>
              <![CDATA[Adding Quantity of Health Book ]]>
            </line>
            <line>
              <![CDATA[Navigating back to Book page ]]>
            </line>
            <line>
              <![CDATA[Adding Science Book to cart]]>
            </line>
            <line>
              <![CDATA[Adding Quantity of Science Book ]]>
            </line>
          </reporter-output>
        </test-method> <!-- TC003_Books_link -->
        <test-method status="PASS" signature="getResult(org.testng.ITestResult)[pri:0, instance:com.demoworkshop.qa.Test.DemoWorkShop_End_To_End@59717824]" name="getResult" is-config="true" duration-ms="103" started-at="2020-06-18T11:39:50 IST" finished-at="2020-06-18T11:39:50 IST">
          <params>
            <param index="0">
              <value>
                <![CDATA[[TestResult name=TC003_Books_link status=SUCCESS method=DemoWorkShop_End_To_End.TC003_Books_link()[pri:3, instance:com.demoworkshop.qa.Test.DemoWorkShop_End_To_End@59717824] output=Clicking on Books Link]]]>
              </value>
            </param>
          </params>
          <reporter-output>
          </reporter-output>
        </test-method> <!-- getResult -->
        <test-method status="PASS" signature="afterMethod()[pri:0, instance:com.demoworkshop.qa.Test.DemoWorkShop_End_To_End@59717824]" name="afterMethod" is-config="true" duration-ms="0" started-at="2020-06-18T11:39:50 IST" finished-at="2020-06-18T11:39:50 IST">
          <reporter-output>
          </reporter-output>
        </test-method> <!-- afterMethod -->
        <test-method status="PASS" signature="beforeMethod()[pri:0, instance:com.demoworkshop.qa.Test.DemoWorkShop_End_To_End@59717824]" name="beforeMethod" is-config="true" duration-ms="1" started-at="2020-06-18T11:39:50 IST" finished-at="2020-06-18T11:39:50 IST">
          <reporter-output>
          </reporter-output>
        </test-method> <!-- beforeMethod -->
        <test-method status="FAIL" signature="TC004_Electronics_page()[pri:4, instance:com.demoworkshop.qa.Test.DemoWorkShop_End_To_End@59717824]" name="TC004_Electronics_page" duration-ms="38608" started-at="2020-06-18T11:39:50 IST" finished-at="2020-06-18T11:40:29 IST">
          <exception class="org.openqa.selenium.StaleElementReferenceException">
            <message>
              <![CDATA[stale element reference: element is not attached to the page document
  (Session info: chrome=83.0.4103.106)
For documentation on this error, please visit: https://www.seleniumhq.org/exceptions/stale_element_reference.html
Build info: version: '3.141.59', revision: 'e82be7d358', time: '2018-11-14T08:17:03'
System info: host: 'DESKTOP-20QI2OV', ip: '192.168.43.12', os.name: 'Windows 10', os.arch: 'amd64', os.version: '10.0', java.version: '1.8.0_251'
Driver info: org.openqa.selenium.chrome.ChromeDriver
Capabilities {acceptInsecureCerts: false, browserName: chrome, browserVersion: 83.0.4103.106, chrome: {chromedriverVersion: 83.0.4103.39 (ccbf011cb2d2b..., userDataDir: C:\Users\Chikky\AppData\Loc...}, goog:chromeOptions: {debuggerAddress: localhost:51561}, javascriptEnabled: true, networkConnectionEnabled: false, pageLoadStrategy: none, platform: WINDOWS, platformName: WINDOWS, proxy: Proxy(), setWindowRect: true, strictFileInteractability: false, timeouts: {implicit: 0, pageLoad: 300000, script: 30000}, unhandledPromptBehavior: dismiss and notify, webauthn:virtualAuthenticators: true}
Session ID: d7027248eb8ab570dd58ea550b008039]]>
            </message>
            <full-stacktrace>
              <![CDATA[org.openqa.selenium.StaleElementReferenceException: stale element reference: element is not attached to the page document
  (Session info: chrome=83.0.4103.106)
For documentation on this error, please visit: https://www.seleniumhq.org/exceptions/stale_element_reference.html
Build info: version: '3.141.59', revision: 'e82be7d358', time: '2018-11-14T08:17:03'
System info: host: 'DESKTOP-20QI2OV', ip: '192.168.43.12', os.name: 'Windows 10', os.arch: 'amd64', os.version: '10.0', java.version: '1.8.0_251'
Driver info: org.openqa.selenium.chrome.ChromeDriver
Capabilities {acceptInsecureCerts: false, browserName: chrome, browserVersion: 83.0.4103.106, chrome: {chromedriverVersion: 83.0.4103.39 (ccbf011cb2d2b..., userDataDir: C:\Users\Chikky\AppData\Loc...}, goog:chromeOptions: {debuggerAddress: localhost:51561}, javascriptEnabled: true, networkConnectionEnabled: false, pageLoadStrategy: none, platform: WINDOWS, platformName: WINDOWS, proxy: Proxy(), setWindowRect: true, strictFileInteractability: false, timeouts: {implicit: 0, pageLoad: 300000, script: 30000}, unhandledPromptBehavior: dismiss and notify, webauthn:virtualAuthenticators: true}
Session ID: d7027248eb8ab570dd58ea550b008039
at sun.reflect.NativeConstructorAccessorImpl.newInstance0(Native Method)
at sun.reflect.NativeConstructorAccessorImpl.newInstance(Unknown Source)
at sun.reflect.DelegatingConstructorAccessorImpl.newInstance(Unknown Source)
at java.lang.reflect.Constructor.newInstance(Unknown Source)
at org.openqa.selenium.remote.http.W3CHttpResponseCodec.createException(W3CHttpResponseCodec.java:187)
at org.openqa.selenium.remote.http.W3CHttpResponseCodec.decode(W3CHttpResponseCodec.java:122)
at org.openqa.selenium.remote.http.W3CHttpResponseCodec.decode(W3CHttpResponseCodec.java:49)
at org.openqa.selenium.remote.HttpCommandExecutor.execute(HttpCommandExecutor.java:158)
at org.openqa.selenium.remote.service.DriverCommandExecutor.execute(DriverCommandExecutor.java:83)
at org.openqa.selenium.remote.RemoteWebDriver.execute(RemoteWebDriver.java:552)
at org.openqa.selenium.remote.RemoteWebElement.execute(RemoteWebElement.java:285)
at org.openqa.selenium.remote.RemoteWebElement.click(RemoteWebElement.java:84)
at sun.reflect.GeneratedMethodAccessor11.invoke(Unknown Source)
at sun.reflect.DelegatingMethodAccessorImpl.invoke(Unknown Source)
at java.lang.reflect.Method.invoke(Unknown Source)
at org.openqa.selenium.support.events.EventFiringWebDriver$EventFiringWebElement.lambda$new$0(EventFiringWebDriver.java:404)
at com.sun.proxy.$Proxy19.click(Unknown Source)
at org.openqa.selenium.support.events.EventFiringWebDriver$EventFiringWebElement.click(EventFiringWebDriver.java:417)
at sun.reflect.GeneratedMethodAccessor11.invoke(Unknown Source)
at sun.reflect.DelegatingMethodAccessorImpl.invoke(Unknown Source)
at java.lang.reflect.Method.invoke(Unknown Source)
at org.openqa.selenium.support.pagefactory.internal.LocatingElementHandler.invoke(LocatingElementHandler.java:51)
at com.sun.proxy.$Proxy17.click(Unknown Source)
at com.demoworkshop.qa.pages.DemoWorkShop_Electronics_Page.Click_SmartPhone_Page(DemoWorkShop_Electronics_Page.java:239)
at com.demoworkshop.qa.Test.DemoWorkShop_End_To_End.TC004_Electronics_page(DemoWorkShop_End_To_End.java:122)
at sun.reflect.NativeMethodAccessorImpl.invoke0(Native Method)
at sun.reflect.NativeMethodAccessorImpl.invoke(Unknown Source)
at sun.reflect.DelegatingMethodAccessorImpl.invoke(Unknown Source)
at java.lang.reflect.Method.invoke(Unknown Source)
at org.testng.internal.MethodInvocationHelper.invokeMethod(MethodInvocationHelper.java:135)
at org.testng.internal.TestInvoker.invokeMethod(TestInvoker.java:598)
at org.testng.internal.TestInvoker.invokeTestMethod(TestInvoker.java:174)
at org.testng.internal.MethodRunner.runInSequence(MethodRunner.java:46)
at org.testng.internal.TestInvoker$MethodInvocationAgent.invoke(TestInvoker.java:821)
at org.testng.internal.TestInvoker.invokeTestMethods(TestInvoker.java:147)
at org.testng.internal.TestMethodWorker.invokeTestMethods(TestMethodWorker.java:146)
at org.testng.internal.TestMethodWorker.run(TestMethodWorker.java:128)
at java.util.ArrayList.forEach(Unknown Source)
at org.testng.TestRunner.privateRun(TestRunner.java:767)
at org.testng.TestRunner.run(TestRunner.java:588)
at org.testng.SuiteRunner.runTest(SuiteRunner.java:384)
at org.testng.SuiteRunner.runSequentially(SuiteRunner.java:378)
at org.testng.SuiteRunner.privateRun(SuiteRunner.java:337)
at org.testng.SuiteRunner.run(SuiteRunner.java:286)
at org.testng.SuiteRunnerWorker.runSuite(SuiteRunnerWorker.java:53)
at org.testng.SuiteRunnerWorker.run(SuiteRunnerWorker.java:96)
at org.testng.TestNG.runSuitesSequentially(TestNG.java:1214)
at org.testng.TestNG.runSuitesLocally(TestNG.java:1136)
at org.testng.TestNG.runSuites(TestNG.java:1066)
at org.testng.TestNG.run(TestNG.java:1034)
at org.testng.remote.AbstractRemoteTestNG.run(AbstractRemoteTestNG.java:115)
at org.testng.remote.RemoteTestNG.initAndRun(RemoteTestNG.java:251)
at org.testng.remote.RemoteTestNG.main(RemoteTestNG.java:77)
]]>
            </full-stacktrace>
          </exception> <!-- org.openqa.selenium.StaleElementReferenceException -->
          <reporter-output>
            <line>
              <![CDATA[Cliking on Electronics Link]]>
            </line>
            <line>
              <![CDATA[Verifying the Electronics page is displayed]]>
            </line>
            <line>
              <![CDATA[Electronics page is displayed with expected :Electronics is matched with Actual value : Electronics]]>
            </line>
            <line>
              <![CDATA[Cliking on Camera and Photos Link in Electronics]]>
            </line>
            <line>
              <![CDATA[Verifying the Camera and Photos page is displayed]]>
            </line>
            <line>
              <![CDATA[Camera Phone page is displayed with expected :Camera, photo is matched with Actual value : Camera, photo]]>
            </line>
            <line>
              <![CDATA[Selecting product position by it index value  ]]>
            </line>
            <line>
              <![CDATA[Selecting display size of product]]>
            </line>
            <line>
              <![CDATA[Selecting view of products ]]>
            </line>
            <line>
              <![CDATA[Clicking on ONE_MP_60GB_Hard_DriveHandycam_Camcorder in Electronics]]>
            </line>
            <line>
              <![CDATA[Clicking on Camcorder_Camera in Electronics]]>
            </line>
            <line>
              <![CDATA[Clicking on Digital_SLR_Camera in Electronics]]>
            </line>
            <line>
              <![CDATA[Clicking on High_Definition_3D_Camcorder_Camera in Electronics]]>
            </line>
            <line>
              <![CDATA[Navigating back to Cell phones page ]]>
            </line>
            <line>
              <![CDATA[Cliking on Electronics Link]]>
            </line>
            <line>
              <![CDATA[Clicking on Cell Phone Img in Electronics]]>
            </line>
            <line>
              <![CDATA[Verifying the Cell Phone page is displayed]]>
            </line>
            <line>
              <![CDATA[Cell Phone page is displayed with expected :Cell phones is matched with Actual value : Cell phones]]>
            </line>
            <line>
              <![CDATA[Selecting product position by it index value  ]]>
            </line>
            <line>
              <![CDATA[Selecting display size of product]]>
            </line>
            <line>
              <![CDATA[Selecting view of products ]]>
            </line>
            <line>
              <![CDATA[Selecting phone cover ]]>
            </line>
            <line>
              <![CDATA[Selecting product manufacturer by Index  ]]>
            </line>
            <line>
              <![CDATA[Selecting product color by Index]]>
            </line>
            <line>
              <![CDATA[Adding Quantity of Phone Cover]]>
            </line>
            <line>
              <![CDATA[Navigating back to Cell phones page ]]>
            </line>
            <line>
              <![CDATA[Selecting Smart phone page ]]>
            </line>
          </reporter-output>
        </test-method> <!-- TC004_Electronics_page -->
        <test-method status="PASS" signature="getResult(org.testng.ITestResult)[pri:0, instance:com.demoworkshop.qa.Test.DemoWorkShop_End_To_End@59717824]" name="getResult" is-config="true" duration-ms="498" started-at="2020-06-18T11:40:29 IST" finished-at="2020-06-18T11:40:29 IST">
          <params>
            <param index="0">
              <value>
                <![CDATA[[TestResult name=TC004_Electronics_page status=FAILURE method=DemoWorkShop_End_To_End.TC004_Electronics_page()[pri:4, instance:com.demoworkshop.qa.Test.DemoWorkShop_End_To_End@59717824] output=Cliking on Electronics Link]]]>
              </value>
            </param>
          </params>
          <reporter-output>
            <line>
              <![CDATA[<a href='F:\Selenium\WorkStation\DemoWebShop\DemoWebShopTC004_Electronics_page18_06_2020_11_40_29.jpeg'> <img src='F:\Selenium\WorkStation\DemoWebShop\DemoWebShopTC004_Electronics_page18_06_2020_11_40_29.jpeg' height='100' width='100'/></a>]]>
            </line>
          </reporter-output>
        </test-method> <!-- getResult -->
        <test-method status="PASS" signature="afterMethod()[pri:0, instance:com.demoworkshop.qa.Test.DemoWorkShop_End_To_End@59717824]" name="afterMethod" is-config="true" duration-ms="0" started-at="2020-06-18T11:40:29 IST" finished-at="2020-06-18T11:40:29 IST">
          <reporter-output>
          </reporter-output>
        </test-method> <!-- afterMethod -->
        <test-method status="PASS" signature="beforeMethod()[pri:0, instance:com.demoworkshop.qa.Test.DemoWorkShop_End_To_End@59717824]" name="beforeMethod" is-config="true" duration-ms="1" started-at="2020-06-18T11:40:29 IST" finished-at="2020-06-18T11:40:29 IST">
          <reporter-output>
          </reporter-output>
        </test-method> <!-- beforeMethod -->
        <test-method status="PASS" signature="TC005_Digital_Downloads_page()[pri:5, instance:com.demoworkshop.qa.Test.DemoWorkShop_End_To_End@59717824]" name="TC005_Digital_Downloads_page" duration-ms="22215" started-at="2020-06-18T11:40:29 IST" finished-at="2020-06-18T11:40:52 IST">
          <reporter-output>
            <line>
              <![CDATA[Cliking on Digital Downloads Page Link]]>
            </line>
            <line>
              <![CDATA[Verifying the Digital Downloads Page is displayed]]>
            </line>
            <line>
              <![CDATA[Digital Downloads Page is not displayed with expected :Digital downloads is not matched with Actual value : null]]>
            </line>
            <line>
              <![CDATA[Selecting product position by it index value  ]]>
            </line>
            <line>
              <![CDATA[Selecting display size of product]]>
            </line>
            <line>
              <![CDATA[Selecting view of products ]]>
            </line>
            <line>
              <![CDATA[Selecting 3rd Album  ]]>
            </line>
            <line>
              <![CDATA[Adding Quantity of 3rd Album Book ]]>
            </line>
            <line>
              <![CDATA[Navigating back to Digital Downloads page ]]>
            </line>
            <line>
              <![CDATA[Selecting Music2_1st_Release  ]]>
            </line>
            <line>
              <![CDATA[Adding Quantity of Music2_1st_Release ]]>
            </line>
            <line>
              <![CDATA[Navigating back to Digital Downloads page ]]>
            </line>
            <line>
              <![CDATA[Selecting Music2_1st_Release  ]]>
            </line>
            <line>
              <![CDATA[Adding Quantity of Music2_1st_Release ]]>
            </line>
          </reporter-output>
        </test-method> <!-- TC005_Digital_Downloads_page -->
        <test-method status="PASS" signature="afterMethod()[pri:0, instance:com.demoworkshop.qa.Test.DemoWorkShop_End_To_End@59717824]" name="afterMethod" is-config="true" duration-ms="0" started-at="2020-06-18T11:40:52 IST" finished-at="2020-06-18T11:40:52 IST">
          <reporter-output>
          </reporter-output>
        </test-method> <!-- afterMethod -->
        <test-method status="PASS" signature="getResult(org.testng.ITestResult)[pri:0, instance:com.demoworkshop.qa.Test.DemoWorkShop_End_To_End@59717824]" name="getResult" is-config="true" duration-ms="105" started-at="2020-06-18T11:40:52 IST" finished-at="2020-06-18T11:40:52 IST">
          <params>
            <param index="0">
              <value>
                <![CDATA[[TestResult name=TC005_Digital_Downloads_page status=SUCCESS method=DemoWorkShop_End_To_End.TC005_Digital_Downloads_page()[pri:5, instance:com.demoworkshop.qa.Test.DemoWorkShop_End_To_End@59717824] output=Cliking on Digital Downloads Page Link]]]>
              </value>
            </param>
          </params>
          <reporter-output>
          </reporter-output>
        </test-method> <!-- getResult -->
        <test-method status="PASS" signature="beforeMethod()[pri:0, instance:com.demoworkshop.qa.Test.DemoWorkShop_End_To_End@59717824]" name="beforeMethod" is-config="true" duration-ms="0" started-at="2020-06-18T11:40:52 IST" finished-at="2020-06-18T11:40:52 IST">
          <reporter-output>
          </reporter-output>
        </test-method> <!-- beforeMethod -->
        <test-method status="FAIL" signature="TC006_DemoWorkShop_Gift_Cards_Page()[pri:6, instance:com.demoworkshop.qa.Test.DemoWorkShop_End_To_End@59717824]" name="TC006_DemoWorkShop_Gift_Cards_Page" duration-ms="28650" started-at="2020-06-18T11:40:52 IST" finished-at="2020-06-18T11:41:20 IST">
          <exception class="org.openqa.selenium.NoSuchElementException">
            <message>
              <![CDATA[no such element: Unable to locate element: {"method":"css selector","selector":"#giftcard_4_RecipientName"}
  (Session info: chrome=83.0.4103.106)
For documentation on this error, please visit: https://www.seleniumhq.org/exceptions/no_such_element.html
Build info: version: '3.141.59', revision: 'e82be7d358', time: '2018-11-14T08:17:03'
System info: host: 'DESKTOP-20QI2OV', ip: '192.168.43.12', os.name: 'Windows 10', os.arch: 'amd64', os.version: '10.0', java.version: '1.8.0_251'
Driver info: org.openqa.selenium.chrome.ChromeDriver
Capabilities {acceptInsecureCerts: false, browserName: chrome, browserVersion: 83.0.4103.106, chrome: {chromedriverVersion: 83.0.4103.39 (ccbf011cb2d2b..., userDataDir: C:\Users\Chikky\AppData\Loc...}, goog:chromeOptions: {debuggerAddress: localhost:51561}, javascriptEnabled: true, networkConnectionEnabled: false, pageLoadStrategy: none, platform: WINDOWS, platformName: WINDOWS, proxy: Proxy(), setWindowRect: true, strictFileInteractability: false, timeouts: {implicit: 0, pageLoad: 300000, script: 30000}, unhandledPromptBehavior: dismiss and notify, webauthn:virtualAuthenticators: true}
Session ID: d7027248eb8ab570dd58ea550b008039
*** Element info: {Using=id, value=giftcard_4_RecipientName}]]>
            </message>
            <full-stacktrace>
              <![CDATA[org.openqa.selenium.NoSuchElementException: no such element: Unable to locate element: {"method":"css selector","selector":"#giftcard_4_RecipientName"}
  (Session info: chrome=83.0.4103.106)
For documentation on this error, please visit: https://www.seleniumhq.org/exceptions/no_such_element.html
Build info: version: '3.141.59', revision: 'e82be7d358', time: '2018-11-14T08:17:03'
System info: host: 'DESKTOP-20QI2OV', ip: '192.168.43.12', os.name: 'Windows 10', os.arch: 'amd64', os.version: '10.0', java.version: '1.8.0_251'
Driver info: org.openqa.selenium.chrome.ChromeDriver
Capabilities {acceptInsecureCerts: false, browserName: chrome, browserVersion: 83.0.4103.106, chrome: {chromedriverVersion: 83.0.4103.39 (ccbf011cb2d2b..., userDataDir: C:\Users\Chikky\AppData\Loc...}, goog:chromeOptions: {debuggerAddress: localhost:51561}, javascriptEnabled: true, networkConnectionEnabled: false, pageLoadStrategy: none, platform: WINDOWS, platformName: WINDOWS, proxy: Proxy(), setWindowRect: true, strictFileInteractability: false, timeouts: {implicit: 0, pageLoad: 300000, script: 30000}, unhandledPromptBehavior: dismiss and notify, webauthn:virtualAuthenticators: true}
Session ID: d7027248eb8ab570dd58ea550b008039
*** Element info: {Using=id, value=giftcard_4_RecipientName}
at sun.reflect.NativeConstructorAccessorImpl.newInstance0(Native Method)
at sun.reflect.NativeConstructorAccessorImpl.newInstance(Unknown Source)
at sun.reflect.DelegatingConstructorAccessorImpl.newInstance(Unknown Source)
at java.lang.reflect.Constructor.newInstance(Unknown Source)
at org.openqa.selenium.remote.http.W3CHttpResponseCodec.createException(W3CHttpResponseCodec.java:187)
at org.openqa.selenium.remote.http.W3CHttpResponseCodec.decode(W3CHttpResponseCodec.java:122)
at org.openqa.selenium.remote.http.W3CHttpResponseCodec.decode(W3CHttpResponseCodec.java:49)
at org.openqa.selenium.remote.HttpCommandExecutor.execute(HttpCommandExecutor.java:158)
at org.openqa.selenium.remote.service.DriverCommandExecutor.execute(DriverCommandExecutor.java:83)
at org.openqa.selenium.remote.RemoteWebDriver.execute(RemoteWebDriver.java:552)
at org.openqa.selenium.remote.RemoteWebDriver.findElement(RemoteWebDriver.java:323)
at org.openqa.selenium.remote.RemoteWebDriver.findElementById(RemoteWebDriver.java:372)
at org.openqa.selenium.By$ById.findElement(By.java:188)
at org.openqa.selenium.remote.RemoteWebDriver.findElement(RemoteWebDriver.java:315)
at sun.reflect.GeneratedMethodAccessor9.invoke(Unknown Source)
at sun.reflect.DelegatingMethodAccessorImpl.invoke(Unknown Source)
at java.lang.reflect.Method.invoke(Unknown Source)
at org.openqa.selenium.support.events.EventFiringWebDriver.lambda$new$1(EventFiringWebDriver.java:105)
at com.sun.proxy.$Proxy13.findElement(Unknown Source)
at org.openqa.selenium.support.events.EventFiringWebDriver.findElement(EventFiringWebDriver.java:194)
at org.openqa.selenium.support.pagefactory.DefaultElementLocator.findElement(DefaultElementLocator.java:69)
at org.openqa.selenium.support.pagefactory.internal.LocatingElementHandler.invoke(LocatingElementHandler.java:38)
at com.sun.proxy.$Proxy17.sendKeys(Unknown Source)
at com.demoworkshop.qa.pages.DemoWorkShop_Gift_Cards_Page.Click_$100_Physical_Gift_Card_Link(DemoWorkShop_Gift_Cards_Page.java:159)
at com.demoworkshop.qa.Test.DemoWorkShop_End_To_End.TC006_DemoWorkShop_Gift_Cards_Page(DemoWorkShop_End_To_End.java:153)
at sun.reflect.NativeMethodAccessorImpl.invoke0(Native Method)
at sun.reflect.NativeMethodAccessorImpl.invoke(Unknown Source)
at sun.reflect.DelegatingMethodAccessorImpl.invoke(Unknown Source)
at java.lang.reflect.Method.invoke(Unknown Source)
at org.testng.internal.MethodInvocationHelper.invokeMethod(MethodInvocationHelper.java:135)
at org.testng.internal.TestInvoker.invokeMethod(TestInvoker.java:598)
at org.testng.internal.TestInvoker.invokeTestMethod(TestInvoker.java:174)
at org.testng.internal.MethodRunner.runInSequence(MethodRunner.java:46)
at org.testng.internal.TestInvoker$MethodInvocationAgent.invoke(TestInvoker.java:821)
at org.testng.internal.TestInvoker.invokeTestMethods(TestInvoker.java:147)
at org.testng.internal.TestMethodWorker.invokeTestMethods(TestMethodWorker.java:146)
at org.testng.internal.TestMethodWorker.run(TestMethodWorker.java:128)
at java.util.ArrayList.forEach(Unknown Source)
at org.testng.TestRunner.privateRun(TestRunner.java:767)
at org.testng.TestRunner.run(TestRunner.java:588)
at org.testng.SuiteRunner.runTest(SuiteRunner.java:384)
at org.testng.SuiteRunner.runSequentially(SuiteRunner.java:378)
at org.testng.SuiteRunner.privateRun(SuiteRunner.java:337)
at org.testng.SuiteRunner.run(SuiteRunner.java:286)
at org.testng.SuiteRunnerWorker.runSuite(SuiteRunnerWorker.java:53)
at org.testng.SuiteRunnerWorker.run(SuiteRunnerWorker.java:96)
at org.testng.TestNG.runSuitesSequentially(TestNG.java:1214)
at org.testng.TestNG.runSuitesLocally(TestNG.java:1136)
at org.testng.TestNG.runSuites(TestNG.java:1066)
at org.testng.TestNG.run(TestNG.java:1034)
at org.testng.remote.AbstractRemoteTestNG.run(AbstractRemoteTestNG.java:115)
at org.testng.remote.RemoteTestNG.initAndRun(RemoteTestNG.java:251)
at org.testng.remote.RemoteTestNG.main(RemoteTestNG.java:77)
]]>
            </full-stacktrace>
          </exception> <!-- org.openqa.selenium.NoSuchElementException -->
          <reporter-output>
            <line>
              <![CDATA[Clicking on Gift Cards Link Page]]>
            </line>
            <line>
              <![CDATA[Verifying the Physical Gift Card page is displayed]]>
            </line>
            <line>
              <![CDATA[ Gift Card page is displayed with expected :Gift Cards is matched with Actual value : Gift Cards]]>
            </line>
            <line>
              <![CDATA[Selecting $100 Physical Gift Card ]]>
            </line>
            <line>
              <![CDATA[Entering Recipients Name through send keys]]>
            </line>
          </reporter-output>
        </test-method> <!-- TC006_DemoWorkShop_Gift_Cards_Page -->
        <test-method status="PASS" signature="afterMethod()[pri:0, instance:com.demoworkshop.qa.Test.DemoWorkShop_End_To_End@59717824]" name="afterMethod" is-config="true" duration-ms="0" started-at="2020-06-18T11:41:20 IST" finished-at="2020-06-18T11:41:20 IST">
          <reporter-output>
          </reporter-output>
        </test-method> <!-- afterMethod -->
        <test-method status="PASS" signature="getResult(org.testng.ITestResult)[pri:0, instance:com.demoworkshop.qa.Test.DemoWorkShop_End_To_End@59717824]" name="getResult" is-config="true" duration-ms="424" started-at="2020-06-18T11:41:20 IST" finished-at="2020-06-18T11:41:21 IST">
          <params>
            <param index="0">
              <value>
                <![CDATA[[TestResult name=TC006_DemoWorkShop_Gift_Cards_Page status=FAILURE method=DemoWorkShop_End_To_End.TC006_DemoWorkShop_Gift_Cards_Page()[pri:6, instance:com.demoworkshop.qa.Test.DemoWorkShop_End_To_End@59717824] output=Clicking on Gift Cards Link Page]]]>
              </value>
            </param>
          </params>
          <reporter-output>
            <line>
              <![CDATA[<a href='F:\Selenium\WorkStation\DemoWebShop\DemoWebShopTC006_DemoWorkShop_Gift_Cards_Page18_06_2020_11_41_20.jpeg'> <img src='F:\Selenium\WorkStation\DemoWebShop\DemoWebShopTC006_DemoWorkShop_Gift_Cards_Page18_06_2020_11_41_20.jpeg' height='100' width='100'/></a>]]>
            </line>
          </reporter-output>
        </test-method> <!-- getResult -->
        <test-method status="PASS" signature="beforeMethod()[pri:0, instance:com.demoworkshop.qa.Test.DemoWorkShop_End_To_End@59717824]" name="beforeMethod" is-config="true" duration-ms="0" started-at="2020-06-18T11:41:21 IST" finished-at="2020-06-18T11:41:21 IST">
          <reporter-output>
          </reporter-output>
        </test-method> <!-- beforeMethod -->
        <test-method status="FAIL" signature="TC007_DemoWorkShop_Apparel_And_Shoes_Page()[pri:7, instance:com.demoworkshop.qa.Test.DemoWorkShop_End_To_End@59717824]" name="TC007_DemoWorkShop_Apparel_And_Shoes_Page" duration-ms="55398" started-at="2020-06-18T11:41:21 IST" finished-at="2020-06-18T11:42:16 IST">
          <exception class="org.openqa.selenium.NoSuchElementException">
            <message>
              <![CDATA[no such element: Unable to locate element: {"method":"css selector","selector":"#addtocart_36_EnteredQuantity"}
  (Session info: chrome=83.0.4103.106)
For documentation on this error, please visit: https://www.seleniumhq.org/exceptions/no_such_element.html
Build info: version: '3.141.59', revision: 'e82be7d358', time: '2018-11-14T08:17:03'
System info: host: 'DESKTOP-20QI2OV', ip: '192.168.43.12', os.name: 'Windows 10', os.arch: 'amd64', os.version: '10.0', java.version: '1.8.0_251'
Driver info: org.openqa.selenium.chrome.ChromeDriver
Capabilities {acceptInsecureCerts: false, browserName: chrome, browserVersion: 83.0.4103.106, chrome: {chromedriverVersion: 83.0.4103.39 (ccbf011cb2d2b..., userDataDir: C:\Users\Chikky\AppData\Loc...}, goog:chromeOptions: {debuggerAddress: localhost:51561}, javascriptEnabled: true, networkConnectionEnabled: false, pageLoadStrategy: none, platform: WINDOWS, platformName: WINDOWS, proxy: Proxy(), setWindowRect: true, strictFileInteractability: false, timeouts: {implicit: 0, pageLoad: 300000, script: 30000}, unhandledPromptBehavior: dismiss and notify, webauthn:virtualAuthenticators: true}
Session ID: d7027248eb8ab570dd58ea550b008039
*** Element info: {Using=id, value=addtocart_36_EnteredQuantity}]]>
            </message>
            <full-stacktrace>
              <![CDATA[org.openqa.selenium.NoSuchElementException: no such element: Unable to locate element: {"method":"css selector","selector":"#addtocart_36_EnteredQuantity"}
  (Session info: chrome=83.0.4103.106)
For documentation on this error, please visit: https://www.seleniumhq.org/exceptions/no_such_element.html
Build info: version: '3.141.59', revision: 'e82be7d358', time: '2018-11-14T08:17:03'
System info: host: 'DESKTOP-20QI2OV', ip: '192.168.43.12', os.name: 'Windows 10', os.arch: 'amd64', os.version: '10.0', java.version: '1.8.0_251'
Driver info: org.openqa.selenium.chrome.ChromeDriver
Capabilities {acceptInsecureCerts: false, browserName: chrome, browserVersion: 83.0.4103.106, chrome: {chromedriverVersion: 83.0.4103.39 (ccbf011cb2d2b..., userDataDir: C:\Users\Chikky\AppData\Loc...}, goog:chromeOptions: {debuggerAddress: localhost:51561}, javascriptEnabled: true, networkConnectionEnabled: false, pageLoadStrategy: none, platform: WINDOWS, platformName: WINDOWS, proxy: Proxy(), setWindowRect: true, strictFileInteractability: false, timeouts: {implicit: 0, pageLoad: 300000, script: 30000}, unhandledPromptBehavior: dismiss and notify, webauthn:virtualAuthenticators: true}
Session ID: d7027248eb8ab570dd58ea550b008039
*** Element info: {Using=id, value=addtocart_36_EnteredQuantity}
at sun.reflect.NativeConstructorAccessorImpl.newInstance0(Native Method)
at sun.reflect.NativeConstructorAccessorImpl.newInstance(Unknown Source)
at sun.reflect.DelegatingConstructorAccessorImpl.newInstance(Unknown Source)
at java.lang.reflect.Constructor.newInstance(Unknown Source)
at org.openqa.selenium.remote.http.W3CHttpResponseCodec.createException(W3CHttpResponseCodec.java:187)
at org.openqa.selenium.remote.http.W3CHttpResponseCodec.decode(W3CHttpResponseCodec.java:122)
at org.openqa.selenium.remote.http.W3CHttpResponseCodec.decode(W3CHttpResponseCodec.java:49)
at org.openqa.selenium.remote.HttpCommandExecutor.execute(HttpCommandExecutor.java:158)
at org.openqa.selenium.remote.service.DriverCommandExecutor.execute(DriverCommandExecutor.java:83)
at org.openqa.selenium.remote.RemoteWebDriver.execute(RemoteWebDriver.java:552)
at org.openqa.selenium.remote.RemoteWebDriver.findElement(RemoteWebDriver.java:323)
at org.openqa.selenium.remote.RemoteWebDriver.findElementById(RemoteWebDriver.java:372)
at org.openqa.selenium.By$ById.findElement(By.java:188)
at org.openqa.selenium.remote.RemoteWebDriver.findElement(RemoteWebDriver.java:315)
at sun.reflect.GeneratedMethodAccessor9.invoke(Unknown Source)
at sun.reflect.DelegatingMethodAccessorImpl.invoke(Unknown Source)
at java.lang.reflect.Method.invoke(Unknown Source)
at org.openqa.selenium.support.events.EventFiringWebDriver.lambda$new$1(EventFiringWebDriver.java:105)
at com.sun.proxy.$Proxy13.findElement(Unknown Source)
at org.openqa.selenium.support.events.EventFiringWebDriver.findElement(EventFiringWebDriver.java:194)
at org.openqa.selenium.support.pagefactory.DefaultElementLocator.findElement(DefaultElementLocator.java:69)
at org.openqa.selenium.support.pagefactory.internal.LocatingElementHandler.invoke(LocatingElementHandler.java:38)
at com.sun.proxy.$Proxy17.clear(Unknown Source)
at com.demoworkshop.qa.pages.DemoWorkShop_Apparel_And_Shoes_Page.Click_Casual_Golf_Belt_Link(DemoWorkShop_Apparel_And_Shoes_Page.java:243)
at com.demoworkshop.qa.Test.DemoWorkShop_End_To_End.TC007_DemoWorkShop_Apparel_And_Shoes_Page(DemoWorkShop_End_To_End.java:182)
at sun.reflect.NativeMethodAccessorImpl.invoke0(Native Method)
at sun.reflect.NativeMethodAccessorImpl.invoke(Unknown Source)
at sun.reflect.DelegatingMethodAccessorImpl.invoke(Unknown Source)
at java.lang.reflect.Method.invoke(Unknown Source)
at org.testng.internal.MethodInvocationHelper.invokeMethod(MethodInvocationHelper.java:135)
at org.testng.internal.TestInvoker.invokeMethod(TestInvoker.java:598)
at org.testng.internal.TestInvoker.invokeTestMethod(TestInvoker.java:174)
at org.testng.internal.MethodRunner.runInSequence(MethodRunner.java:46)
at org.testng.internal.TestInvoker$MethodInvocationAgent.invoke(TestInvoker.java:821)
at org.testng.internal.TestInvoker.invokeTestMethods(TestInvoker.java:147)
at org.testng.internal.TestMethodWorker.invokeTestMethods(TestMethodWorker.java:146)
at org.testng.internal.TestMethodWorker.run(TestMethodWorker.java:128)
at java.util.ArrayList.forEach(Unknown Source)
at org.testng.TestRunner.privateRun(TestRunner.java:767)
at org.testng.TestRunner.run(TestRunner.java:588)
at org.testng.SuiteRunner.runTest(SuiteRunner.java:384)
at org.testng.SuiteRunner.runSequentially(SuiteRunner.java:378)
at org.testng.SuiteRunner.privateRun(SuiteRunner.java:337)
at org.testng.SuiteRunner.run(SuiteRunner.java:286)
at org.testng.SuiteRunnerWorker.runSuite(SuiteRunnerWorker.java:53)
at org.testng.SuiteRunnerWorker.run(SuiteRunnerWorker.java:96)
at org.testng.TestNG.runSuitesSequentially(TestNG.java:1214)
at org.testng.TestNG.runSuitesLocally(TestNG.java:1136)
at org.testng.TestNG.runSuites(TestNG.java:1066)
at org.testng.TestNG.run(TestNG.java:1034)
at org.testng.remote.AbstractRemoteTestNG.run(AbstractRemoteTestNG.java:115)
at org.testng.remote.RemoteTestNG.initAndRun(RemoteTestNG.java:251)
at org.testng.remote.RemoteTestNG.main(RemoteTestNG.java:77)
]]>
            </full-stacktrace>
          </exception> <!-- org.openqa.selenium.NoSuchElementException -->
          <reporter-output>
            <line>
              <![CDATA[Clicking on Apparel_And_Shoes_Link]]>
            </line>
            <line>
              <![CDATA[Verifying the Apparel_And_Shoes_Page is displayed]]>
            </line>
            <line>
              <![CDATA[Apparel And Shoes page is displayed with expected :Apparel & Shoes is matched with Actual value : Apparel & Shoes]]>
            </line>
            <line>
              <![CDATA[Selecting product position by it index value  ]]>
            </line>
            <line>
              <![CDATA[Selecting display size of product]]>
            </line>
            <line>
              <![CDATA[Selecting view of products ]]>
            </line>
            <line>
              <![CDATA[Selecting Rockabilly_Polka_Dot_Top_JR_Plus_Size ]]>
            </line>
            <line>
              <![CDATA[Adding Quantity of Rockabilly_Polka_Dot_Top_JR_Plus_Size ]]>
            </line>
            <line>
              <![CDATA[Navigating back to Apparel and Shoes page ]]>
            </line>
            <line>
              <![CDATA[Selecting Blue_and_green_Sneaker ]]>
            </line>
            <line>
              <![CDATA[Adding Quantity of Blue_and_green_Sneaker ]]>
            </line>
            <line>
              <![CDATA[Navigating back to Apparel and Shoes page ]]>
            </line>
            <line>
              <![CDATA[Selecting Blue_Jeans ]]>
            </line>
            <line>
              <![CDATA[Adding Quantity of Blue_Jeans ]]>
            </line>
            <line>
              <![CDATA[Navigating back to Apparel and Shoes page ]]>
            </line>
            <line>
              <![CDATA[Selecting Casual_Golf_Belt ]]>
            </line>
            <line>
              <![CDATA[Adding Quantity of Casual_Golf_Belt ]]>
            </line>
          </reporter-output>
        </test-method> <!-- TC007_DemoWorkShop_Apparel_And_Shoes_Page -->
        <test-method status="PASS" signature="afterMethod()[pri:0, instance:com.demoworkshop.qa.Test.DemoWorkShop_End_To_End@59717824]" name="afterMethod" is-config="true" duration-ms="1" started-at="2020-06-18T11:42:16 IST" finished-at="2020-06-18T11:42:16 IST">
          <reporter-output>
          </reporter-output>
        </test-method> <!-- afterMethod -->
        <test-method status="PASS" signature="getResult(org.testng.ITestResult)[pri:0, instance:com.demoworkshop.qa.Test.DemoWorkShop_End_To_End@59717824]" name="getResult" is-config="true" duration-ms="453" started-at="2020-06-18T11:42:16 IST" finished-at="2020-06-18T11:42:17 IST">
          <params>
            <param index="0">
              <value>
                <![CDATA[[TestResult name=TC007_DemoWorkShop_Apparel_And_Shoes_Page status=FAILURE method=DemoWorkShop_End_To_End.TC007_DemoWorkShop_Apparel_And_Shoes_Page()[pri:7, instance:com.demoworkshop.qa.Test.DemoWorkShop_End_To_End@59717824] output=Clicking on Apparel_And_Shoes_Link]]]>
              </value>
            </param>
          </params>
          <reporter-output>
            <line>
              <![CDATA[<a href='F:\Selenium\WorkStation\DemoWebShop\DemoWebShopTC007_DemoWorkShop_Apparel_And_Shoes_Page18_06_2020_11_42_16.jpeg'> <img src='F:\Selenium\WorkStation\DemoWebShop\DemoWebShopTC007_DemoWorkShop_Apparel_And_Shoes_Page18_06_2020_11_42_16.jpeg' height='100' width='100'/></a>]]>
            </line>
          </reporter-output>
        </test-method> <!-- getResult -->
        <test-method status="PASS" signature="AfterClass()[pri:0, instance:com.demoworkshop.qa.Test.DemoWorkShop_End_To_End@59717824]" name="AfterClass" is-config="true" duration-ms="80" started-at="2020-06-18T11:42:17 IST" finished-at="2020-06-18T11:42:17 IST">
          <reporter-output>
          </reporter-output>
        </test-method> <!-- AfterClass -->
        <test-method status="PASS" signature="afterTest()[pri:0, instance:com.demoworkshop.qa.Test.DemoWorkShop_End_To_End@59717824]" name="afterTest" is-config="true" duration-ms="1" started-at="2020-06-18T11:42:17 IST" finished-at="2020-06-18T11:42:17 IST">
          <reporter-output>
          </reporter-output>
        </test-method> <!-- afterTest -->
        <test-method status="PASS" signature="afterSuite()[pri:0, instance:com.demoworkshop.qa.Test.DemoWorkShop_End_To_End@59717824]" name="afterSuite" is-config="true" duration-ms="1565" started-at="2020-06-18T11:42:17 IST" finished-at="2020-06-18T11:42:18 IST">
          <reporter-output>
          </reporter-output>
        </test-method> <!-- afterSuite -->
      </class> <!-- com.demoworkshop.qa.Test.DemoWorkShop_End_To_End -->
    </test> <!-- Default test -->
  </suite> <!-- Default suite -->
</testng-results>
